\BOOKMARK [0][-]{chapter.1}{Introduction}{}% 1
\BOOKMARK [1][-]{section.1.1}{Motivation}{chapter.1}% 2
\BOOKMARK [1][-]{section.1.2}{Objectives}{chapter.1}% 3
\BOOKMARK [1][-]{section.1.3}{Structure}{chapter.1}% 4
\BOOKMARK [0][-]{chapter.2}{Background}{}% 5
\BOOKMARK [1][-]{section.2.1}{British Sign Language: Linguistics Overview}{chapter.2}% 6
\BOOKMARK [2][-]{subsection.2.1.1}{Structure of sentences}{section.2.1}% 7
\BOOKMARK [2][-]{subsection.2.1.2}{Morphology and Morphemes}{section.2.1}% 8
\BOOKMARK [2][-]{subsection.2.1.3}{Verbs}{section.2.1}% 9
\BOOKMARK [2][-]{subsection.2.1.4}{Questions and Negations}{section.2.1}% 10
\BOOKMARK [2][-]{subsection.2.1.5}{Fingerspelling}{section.2.1}% 11
\BOOKMARK [2][-]{subsection.2.1.6}{Non-manual features}{section.2.1}% 12
\BOOKMARK [1][-]{section.2.2}{Machine Translation}{chapter.2}% 13
\BOOKMARK [2][-]{subsection.2.2.1}{MT with Signed Languages}{section.2.2}% 14
\BOOKMARK [1][-]{section.2.3}{Personal Work}{chapter.2}% 15
\BOOKMARK [1][-]{section.2.4}{Summary}{chapter.2}% 16
\BOOKMARK [0][-]{chapter.3}{Design}{}% 17
\BOOKMARK [1][-]{section.3.1}{Language Choices}{chapter.3}% 18
\BOOKMARK [1][-]{section.3.2}{Translation}{chapter.3}% 19
\BOOKMARK [1][-]{section.3.3}{User Interface}{chapter.3}% 20
\BOOKMARK [2][-]{subsection.3.3.1}{User Interaction}{section.3.3}% 21
\BOOKMARK [1][-]{section.3.4}{Summary}{chapter.3}% 22
\BOOKMARK [0][-]{chapter.4}{Methods and Implementation}{}% 23
\BOOKMARK [1][-]{section.4.1}{Rule-Based MT in Python}{chapter.4}% 24
\BOOKMARK [2][-]{subsection.4.1.1}{Information Extraction}{section.4.1}% 25
\BOOKMARK [2][-]{subsection.4.1.2}{Translation Rules}{section.4.1}% 26
\BOOKMARK [2][-]{subsection.4.1.3}{System Components}{section.4.1}% 27
\BOOKMARK [1][-]{section.4.2}{Animation in ThreeJS}{chapter.4}% 28
\BOOKMARK [2][-]{subsection.4.2.1}{Blender}{section.4.2}% 29
\BOOKMARK [2][-]{subsection.4.2.2}{JSON Format and JS Formatter}{section.4.2}% 30
\BOOKMARK [2][-]{subsection.4.2.3}{Animation Engine}{section.4.2}% 31
\BOOKMARK [1][-]{section.4.3}{Cross-language Communication with Flask}{chapter.4}% 32
\BOOKMARK [1][-]{section.4.4}{Summary}{chapter.4}% 33
\BOOKMARK [0][-]{chapter.5}{Evaluation}{}% 34
\BOOKMARK [1][-]{section.5.1}{Translation}{chapter.5}% 35
\BOOKMARK [2][-]{subsection.5.1.1}{Evaluation Metrics}{section.5.1}% 36
\BOOKMARK [2][-]{subsection.5.1.2}{Short evaluation of previous projects}{section.5.1}% 37
\BOOKMARK [2][-]{subsection.5.1.3}{Data and Approach}{section.5.1}% 38
\BOOKMARK [1][-]{section.5.2}{Accuracy Results}{chapter.5}% 39
\BOOKMARK [1][-]{section.5.3}{Survey}{chapter.5}% 40
\BOOKMARK [2][-]{subsection.5.3.1}{Usability}{section.5.3}% 41
\BOOKMARK [2][-]{subsection.5.3.2}{Effectiveness of the Application}{section.5.3}% 42
\BOOKMARK [1][-]{section.5.4}{Feedback from BSL Linguists}{chapter.5}% 43
\BOOKMARK [1][-]{section.5.5}{Summary}{chapter.5}% 44
\BOOKMARK [0][-]{chapter.6}{Conclusion}{}% 45
\BOOKMARK [1][-]{section.6.1}{Discussion}{chapter.6}% 46
\BOOKMARK [1][-]{section.6.2}{Difficulties and Achievements}{chapter.6}% 47
\BOOKMARK [1][-]{section.6.3}{Future Work}{chapter.6}% 48
\BOOKMARK [2][-]{subsection.6.3.1}{Improvements}{section.6.3}% 49
\BOOKMARK [2][-]{subsection.6.3.2}{Extensions}{section.6.3}% 50
\BOOKMARK [0][-]{figure.caption.102}{References}{}% 51
\BOOKMARK [0][-]{chapter*.103}{Background Reading}{}% 52
\BOOKMARK [0][-]{appendix.A}{Translation rules}{}% 53
\BOOKMARK [0][-]{appendix.B}{Additional algorithms and Code}{}% 54
\BOOKMARK [1][-]{section.B.1}{Data Extraction from the Stanford Parser}{appendix.B}% 55
\BOOKMARK [1][-]{section.B.2}{HTML scraper for the SignBank data retrieval}{appendix.B}% 56
\BOOKMARK [1][-]{section.B.3}{Main animation sequence loop}{appendix.B}% 57
\BOOKMARK [0][-]{appendix.C}{Screenshots and Project Structure}{}% 58
\BOOKMARK [0][-]{appendix.D}{Survey Questions}{}% 59
